<?xml version="1.0" encoding="UTF-8"?>
<!-- Generated by org.testng.reporters.JUnitReportReporter -->
<testsuite hostname="PF2C5J5X" failures="0" tests="1" name="com.automationmavenjenkins.Automationmavenjenkins.LaunchTest" time="5.674" errors="0" timestamp="2024-06-20T18:01:28 IST" skipped="0">
  <testcase classname="com.automationmavenjenkins.Automationmavenjenkins.LaunchTest" name="launch" time="5.674"/>
  <system-out/>
</testsuite> <!-- com.automationmavenjenkins.Automationmavenjenkins.LaunchTest -->
